<?xml version="1.0" encoding="UTF-8"?>
<!-- Generated by org.testng.reporters.JUnitXMLReporter -->
<testsuite ignored="13" hostname="DESKTOP-9TOLTE6" failures="0" tests="1" name="Default test" time="13.134" errors="0" timestamp="2024-10-04T20:03:54 IST">
  <testcase classname="TestCases.CreateNewCustomerAccountTestCases" name="AccountCreation_TC_50_ComfirmPassword_ErrorMessage_Verification_WhenEmpty" time="3.312"/>
  <testcase classname="TestCases.CreateNewCustomerAccountTestCases" name="AccountCreation_TC_001_AllTheTextBox_Verification" time="0.0">
    <ignored/>
  </testcase> <!-- AccountCreation_TC_001_AllTheTextBox_Verification -->
  <testcase classname="TestCases.CreateNewCustomerAccountTestCases" name="AccountCreation_TC_006_EmailTextBox_ValidationWith_ValidEmail" time="0.0">
    <ignored/>
  </testcase> <!-- AccountCreation_TC_006_EmailTextBox_ValidationWith_ValidEmail -->
  <testcase classname="TestCases.CreateNewCustomerAccountTestCases" name="AccountCreation_TC_046_First_Name_ErrorMessage_Verification_WhenEmpty" time="0.0">
    <ignored/>
  </testcase> <!-- AccountCreation_TC_046_First_Name_ErrorMessage_Verification_WhenEmpty -->
  <testcase classname="TestCases.CreateNewCustomerAccountTestCases" name="AccountCreation_TC_047_Last_Name_ErrorMessage_Verification_WhenEmpty" time="0.0">
    <ignored/>
  </testcase> <!-- AccountCreation_TC_047_Last_Name_ErrorMessage_Verification_WhenEmpty -->
  <testcase classname="TestCases.CreateNewCustomerAccountTestCases" name="AccountCreation_TC_005_PageSubHeading_Verification" time="0.0">
    <ignored/>
  </testcase> <!-- AccountCreation_TC_005_PageSubHeading_Verification -->
  <testcase classname="TestCases.CreateNewCustomerAccountTestCases" name="AccountCreation_TC_049_Password_ErrorMessage_Verification_WhenEmpty" time="0.0">
    <ignored/>
  </testcase> <!-- AccountCreation_TC_049_Password_ErrorMessage_Verification_WhenEmpty -->
  <testcase classname="TestCases.CreateNewCustomerAccountTestCases" name="AccountCreation_TC_036_PasswordTextBox_ValidationFor_VeryStrongStaus" time="0.0">
    <ignored/>
  </testcase> <!-- AccountCreation_TC_036_PasswordTextBox_ValidationFor_VeryStrongStaus -->
  <testcase classname="TestCases.CreateNewCustomerAccountTestCases" name="AccountCreation_TC_026_PasswordTextBox_ValidationFor_StrongStaus" time="0.0">
    <ignored/>
  </testcase> <!-- AccountCreation_TC_026_PasswordTextBox_ValidationFor_StrongStaus -->
  <testcase classname="TestCases.CreateNewCustomerAccountTestCases" name="AccountCreation_TC_004_PageMainHeading_Verification" time="0.0">
    <ignored/>
  </testcase> <!-- AccountCreation_TC_004_PageMainHeading_Verification -->
  <testcase classname="TestCases.CreateNewCustomerAccountTestCases" name="AccountCreation_TC_003_PageTitle_Verification" time="0.0">
    <ignored/>
  </testcase> <!-- AccountCreation_TC_003_PageTitle_Verification -->
  <testcase classname="TestCases.CreateNewCustomerAccountTestCases" name="AccountCreation_TC_002_CreateAnAccountButton_Verification" time="0.0">
    <ignored/>
  </testcase> <!-- AccountCreation_TC_002_CreateAnAccountButton_Verification -->
  <testcase classname="TestCases.CreateNewCustomerAccountTestCases" name="AccountCreation_TC_016_PasswordTextBox_ValidationFor_MediumStaus" time="0.0">
    <ignored/>
  </testcase> <!-- AccountCreation_TC_016_PasswordTextBox_ValidationFor_MediumStaus -->
  <testcase classname="TestCases.CreateNewCustomerAccountTestCases" name="AccountCreation_TC_048_Email_ErrorMessage_Verification_WhenEmpty" time="0.0">
    <ignored/>
  </testcase> <!-- AccountCreation_TC_048_Email_ErrorMessage_Verification_WhenEmpty -->
</testsuite> <!-- Default test -->
