<?xml version="1.0" encoding="UTF-8"?>
<testng-results ignored="0" total="2" passed="2" failed="0" skipped="0">
  <reporter-output>
  </reporter-output>
  <suite started-at="2024-07-03T19:05:25 IST" name="Default suite" finished-at="2024-07-03T19:05:26 IST" duration-ms="1709">
    <groups>
      <group name="cucumber">
        <method signature="AbstractTestNGCucumberTests.runScenario(io.cucumber.testng.PickleWrapper,io.cucumber.testng.FeatureWrapper)[pri:0, instance:TestRunner.Run@682b2fa]" name="runScenario" class="io.cucumber.testng.AbstractTestNGCucumberTests"/>
      </group> <!-- cucumber -->
    </groups>
    <test started-at="2024-07-03T19:05:25 IST" name="Default test" finished-at="2024-07-03T19:05:26 IST" duration-ms="1709">
      <class name="TestRunner.Run">
        <test-method is-config="true" signature="setUpClass(org.testng.ITestContext)[pri:0, instance:TestRunner.Run@682b2fa]" started-at="2024-07-03T19:05:25 IST" name="setUpClass" finished-at="2024-07-03T19:05:26 IST" duration-ms="1073" status="PASS">
          <params>
            <param index="0">
              <value>
                <![CDATA[org.testng.TestRunner@3d3f761a]]>
              </value>
            </param>
          </params>
          <reporter-output>
          </reporter-output>
        </test-method> <!-- setUpClass -->
        <test-method signature="runScenario(io.cucumber.testng.PickleWrapper,io.cucumber.testng.FeatureWrapper)[pri:0, instance:TestRunner.Run@682b2fa]" started-at="2024-07-03T19:05:26 IST" name="runScenario" description="Runs Cucumber Scenarios" data-provider="scenarios" finished-at="2024-07-03T19:05:26 IST" duration-ms="313" status="PASS">
          <params>
            <param index="0">
              <value>
                <![CDATA["Verify jacket page should be open when we open it through Men menue section"]]>
              </value>
            </param>
            <param index="1">
              <value>
                <![CDATA["The Men Menue Option Scenarios"]]>
              </value>
            </param>
          </params>
          <reporter-output>
          </reporter-output>
        </test-method> <!-- runScenario -->
        <test-method signature="runScenario(io.cucumber.testng.PickleWrapper,io.cucumber.testng.FeatureWrapper)[pri:0, instance:TestRunner.Run@682b2fa]" started-at="2024-07-03T19:05:26 IST" name="runScenario" description="Runs Cucumber Scenarios" data-provider="scenarios" finished-at="2024-07-03T19:05:26 IST" duration-ms="60" status="PASS">
          <params>
            <param index="0">
              <value>
                <![CDATA["Successful login with valid credentials."]]>
              </value>
            </param>
            <param index="1">
              <value>
                <![CDATA["Login"]]>
              </value>
            </param>
          </params>
          <reporter-output>
          </reporter-output>
        </test-method> <!-- runScenario -->
        <test-method is-config="true" signature="tearDownClass()[pri:0, instance:TestRunner.Run@682b2fa]" started-at="2024-07-03T19:05:26 IST" name="tearDownClass" finished-at="2024-07-03T19:05:26 IST" duration-ms="93" status="PASS">
          <reporter-output>
          </reporter-output>
        </test-method> <!-- tearDownClass -->
      </class> <!-- TestRunner.Run -->
    </test> <!-- Default test -->
  </suite> <!-- Default suite -->
</testng-results>
