<?xml version="1.0" encoding="UTF-8"?>
<testng-results ignored="0" total="4" passed="4" failed="0" skipped="0">
  <reporter-output>
  </reporter-output>
  <suite started-at="2024-01-21T19:29:20 IST" name="Abdulgaffoor.Project" finished-at="2024-01-21T19:30:29 IST" duration-ms="68719">
    <groups>
    </groups>
    <test started-at="2024-01-21T19:29:20 IST" name="Zoho" finished-at="2024-01-21T19:30:29 IST" duration-ms="68719">
      <class name="testcase.CreateAccountTC">
        <test-method is-config="true" signature="setUp()[pri:0, instance:testcase.CreateAccountTC@6b85300e]" started-at="2024-01-21T19:29:20 IST" name="setUp" finished-at="2024-01-21T19:29:30 IST" duration-ms="9399" status="PASS">
          <reporter-output>
          </reporter-output>
        </test-method> <!-- setUp -->
        <test-method signature="TC_CreateAccount_01()[pri:1, instance:testcase.CreateAccountTC@6b85300e]" started-at="2024-01-21T19:29:30 IST" name="TC_CreateAccount_01" finished-at="2024-01-21T19:29:37 IST" duration-ms="6797" status="PASS">
          <reporter-output>
          </reporter-output>
        </test-method> <!-- TC_CreateAccount_01 -->
        <test-method is-config="true" signature="tearDown()[pri:0, instance:testcase.CreateAccountTC@6b85300e]" started-at="2024-01-21T19:29:37 IST" name="tearDown" finished-at="2024-01-21T19:29:37 IST" duration-ms="240" status="PASS">
          <reporter-output>
          </reporter-output>
        </test-method> <!-- tearDown -->
        <test-method is-config="true" signature="setUp()[pri:0, instance:testcase.CreateAccountTC@6b85300e]" started-at="2024-01-21T19:29:37 IST" name="setUp" finished-at="2024-01-21T19:29:42 IST" duration-ms="5576" status="PASS">
          <reporter-output>
          </reporter-output>
        </test-method> <!-- setUp -->
        <test-method signature="TC_CreateAccount_02()[pri:2, instance:testcase.CreateAccountTC@6b85300e]" started-at="2024-01-21T19:29:42 IST" name="TC_CreateAccount_02" finished-at="2024-01-21T19:29:53 IST" duration-ms="10822" status="PASS">
          <reporter-output>
          </reporter-output>
        </test-method> <!-- TC_CreateAccount_02 -->
        <test-method is-config="true" signature="tearDown()[pri:0, instance:testcase.CreateAccountTC@6b85300e]" started-at="2024-01-21T19:29:53 IST" name="tearDown" finished-at="2024-01-21T19:29:53 IST" duration-ms="209" status="PASS">
          <reporter-output>
          </reporter-output>
        </test-method> <!-- tearDown -->
        <test-method is-config="true" signature="setUp()[pri:0, instance:testcase.CreateAccountTC@6b85300e]" started-at="2024-01-21T19:29:53 IST" name="setUp" finished-at="2024-01-21T19:29:58 IST" duration-ms="4996" status="PASS">
          <reporter-output>
          </reporter-output>
        </test-method> <!-- setUp -->
        <test-method signature="TC_CreateAccount_03()[pri:3, instance:testcase.CreateAccountTC@6b85300e]" started-at="2024-01-21T19:29:58 IST" name="TC_CreateAccount_03" finished-at="2024-01-21T19:30:11 IST" duration-ms="12774" status="PASS">
          <reporter-output>
          </reporter-output>
        </test-method> <!-- TC_CreateAccount_03 -->
        <test-method is-config="true" signature="tearDown()[pri:0, instance:testcase.CreateAccountTC@6b85300e]" started-at="2024-01-21T19:30:11 IST" name="tearDown" finished-at="2024-01-21T19:30:11 IST" duration-ms="220" status="PASS">
          <reporter-output>
          </reporter-output>
        </test-method> <!-- tearDown -->
        <test-method is-config="true" signature="setUp()[pri:0, instance:testcase.CreateAccountTC@6b85300e]" started-at="2024-01-21T19:30:11 IST" name="setUp" finished-at="2024-01-21T19:30:18 IST" duration-ms="6129" status="PASS">
          <reporter-output>
          </reporter-output>
        </test-method> <!-- setUp -->
        <test-method signature="TC_CreateAccount_04()[pri:4, instance:testcase.CreateAccountTC@6b85300e]" started-at="2024-01-21T19:30:18 IST" name="TC_CreateAccount_04" finished-at="2024-01-21T19:30:29 IST" duration-ms="11153" status="PASS">
          <reporter-output>
          </reporter-output>
        </test-method> <!-- TC_CreateAccount_04 -->
        <test-method is-config="true" signature="tearDown()[pri:0, instance:testcase.CreateAccountTC@6b85300e]" started-at="2024-01-21T19:30:29 IST" name="tearDown" finished-at="2024-01-21T19:30:29 IST" duration-ms="211" status="PASS">
          <reporter-output>
          </reporter-output>
        </test-method> <!-- tearDown -->
      </class> <!-- testcase.CreateAccountTC -->
    </test> <!-- Zoho -->
  </suite> <!-- Abdulgaffoor.Project -->
</testng-results>
